mode: set
github.com/sangianpatrick/go-cqrs-demo/helper/mongodb/repository/client.go:17.52,22.16 3 1
github.com/sangianpatrick/go-cqrs-demo/helper/mongodb/repository/client.go:26.2,28.8 1 1
github.com/sangianpatrick/go-cqrs-demo/helper/mongodb/repository/client.go:22.16,24.3 1 1
github.com/sangianpatrick/go-cqrs-demo/helper/mongodb/repository/client.go:31.61,33.16 2 1
github.com/sangianpatrick/go-cqrs-demo/helper/mongodb/repository/client.go:36.2,36.12 1 1
github.com/sangianpatrick/go-cqrs-demo/helper/mongodb/repository/client.go:33.16,35.3 1 0
github.com/sangianpatrick/go-cqrs-demo/helper/mongodb/repository/client.go:39.67,46.2 3 1
github.com/sangianpatrick/go-cqrs-demo/helper/mongodb/repository/collection.go:15.66,17.16 2 1
github.com/sangianpatrick/go-cqrs-demo/helper/mongodb/repository/collection.go:21.2,25.19 2 1
github.com/sangianpatrick/go-cqrs-demo/helper/mongodb/repository/collection.go:17.16,19.3 1 0
github.com/sangianpatrick/go-cqrs-demo/helper/mongodb/repository/collection.go:28.132,31.2 2 1
github.com/sangianpatrick/go-cqrs-demo/helper/mongodb/repository/collection.go:33.133,41.2 3 1
github.com/sangianpatrick/go-cqrs-demo/helper/mongodb/repository/collection.go:43.130,51.2 3 1
github.com/sangianpatrick/go-cqrs-demo/helper/mongodb/repository/cursor.go:13.78,16.2 2 0
github.com/sangianpatrick/go-cqrs-demo/helper/mongodb/repository/cursor.go:18.56,21.2 2 0
github.com/sangianpatrick/go-cqrs-demo/helper/mongodb/repository/cursor.go:23.59,26.2 2 0
github.com/sangianpatrick/go-cqrs-demo/helper/mongodb/repository/cursor.go:28.57,31.2 2 0
github.com/sangianpatrick/go-cqrs-demo/helper/mongodb/repository/database.go:12.81,20.2 3 1
github.com/sangianpatrick/go-cqrs-demo/helper/mongodb/repository/single_result.go:9.61,11.16 2 0
github.com/sangianpatrick/go-cqrs-demo/helper/mongodb/repository/single_result.go:15.2,15.12 1 0
github.com/sangianpatrick/go-cqrs-demo/helper/mongodb/repository/single_result.go:11.16,13.3 1 0
github.com/sangianpatrick/go-cqrs-demo/helper/mongodb/repository/single_result.go:18.45,20.2 1 0
